2016-01-07 22:58:13 Error: [MissingControllerException] Controller class PayeeController could not be found.
Exception Attributes: array (
  'class' => 'PayeeController',
  'plugin' => NULL,
)
Request URL: /cash_cake/payee
Stack Trace:
#0 C:\xampp\htdocs\cash_cake\app\webroot\index.php(118): Dispatcher->dispatch(Object(CakeRequest), Object(CakeResponse))
#1 {main}
2016-01-08 07:51:09 Error: [MissingControllerException] Controller class DetailsController could not be found.
Exception Attributes: array (
  'class' => 'DetailsController',
  'plugin' => NULL,
)
Request URL: /cash_cake/details
Stack Trace:
#0 C:\xampp\htdocs\cash_cake\app\webroot\index.php(118): Dispatcher->dispatch(Object(CakeRequest), Object(CakeResponse))
#1 {main}
2016-01-08 07:52:24 Error: [MissingControllerException] Controller class DetailsController could not be found.
Exception Attributes: array (
  'class' => 'DetailsController',
  'plugin' => NULL,
)
Request URL: /cash_cake/details
Stack Trace:
#0 C:\xampp\htdocs\cash_cake\app\webroot\index.php(118): Dispatcher->dispatch(Object(CakeRequest), Object(CakeResponse))
#1 {main}
2016-01-08 08:07:34 Error: [MissingControllerException] Controller class JournalsController could not be found.
Exception Attributes: array (
  'class' => 'JournalsController',
  'plugin' => NULL,
)
Request URL: /cash_cake/journals
Stack Trace:
#0 C:\xampp\htdocs\cash_cake\app\webroot\index.php(118): Dispatcher->dispatch(Object(CakeRequest), Object(CakeResponse))
#1 {main}
2016-01-08 08:16:47 Error: [MissingControllerException] Controller class JournalsController could not be found.
Exception Attributes: array (
  'class' => 'JournalsController',
  'plugin' => NULL,
)
Request URL: /cash_cake/journals
Stack Trace:
#0 C:\xampp\htdocs\cash_cake\app\webroot\index.php(118): Dispatcher->dispatch(Object(CakeRequest), Object(CakeResponse))
#1 {main}
2016-01-08 08:16:49 Error: [MissingControllerException] Controller class JournalsController could not be found.
Exception Attributes: array (
  'class' => 'JournalsController',
  'plugin' => NULL,
)
Request URL: /cash_cake/journals/add
Stack Trace:
#0 C:\xampp\htdocs\cash_cake\app\webroot\index.php(118): Dispatcher->dispatch(Object(CakeRequest), Object(CakeResponse))
#1 {main}
2016-01-08 08:45:52 Error: [MissingControllerException] Controller class DetailsController could not be found.
Exception Attributes: array (
  'class' => 'DetailsController',
  'plugin' => NULL,
)
Request URL: /cash_cake/details
Stack Trace:
#0 C:\xampp\htdocs\cash_cake\app\webroot\index.php(118): Dispatcher->dispatch(Object(CakeRequest), Object(CakeResponse))
#1 {main}
2016-01-08 08:45:54 Error: [MissingControllerException] Controller class DetailsController could not be found.
Exception Attributes: array (
  'class' => 'DetailsController',
  'plugin' => NULL,
)
Request URL: /cash_cake/details/add
Stack Trace:
#0 C:\xampp\htdocs\cash_cake\app\webroot\index.php(118): Dispatcher->dispatch(Object(CakeRequest), Object(CakeResponse))
#1 {main}
2016-01-08 08:45:56 Error: [MissingControllerException] Controller class DetailsController could not be found.
Exception Attributes: array (
  'class' => 'DetailsController',
  'plugin' => NULL,
)
Request URL: /cash_cake/details
Stack Trace:
#0 C:\xampp\htdocs\cash_cake\app\webroot\index.php(118): Dispatcher->dispatch(Object(CakeRequest), Object(CakeResponse))
#1 {main}
2016-01-08 08:49:24 Error: [MissingControllerException] Controller class DetailsController could not be found.
Exception Attributes: array (
  'class' => 'DetailsController',
  'plugin' => NULL,
)
Request URL: /cash_cake/details
Stack Trace:
#0 C:\xampp\htdocs\cash_cake\app\webroot\index.php(118): Dispatcher->dispatch(Object(CakeRequest), Object(CakeResponse))
#1 {main}
